<?xml version="1.0" encoding="UTF-8"?>
<testng-results skipped="0" failed="0" ignored="0" total="1" passed="1">
  <reporter-output>
  </reporter-output>
  <suite name="com.qa.tests.LoginTest" duration-ms="87" started-at="2018-03-17T12:16:36Z" finished-at="2018-03-17T12:16:36Z">
    <groups>
    </groups>
    <test name="Command line test" duration-ms="87" started-at="2018-03-17T12:16:36Z" finished-at="2018-03-17T12:16:36Z">
      <class name="com.qa.tests.LoginTest">
        <test-method status="PASS" signature="test()[pri:0, instance:com.qa.tests.LoginTest@2f7a2457]" name="test" duration-ms="15" started-at="2018-03-17T12:16:36Z" finished-at="2018-03-17T12:16:36Z">
          <reporter-output>
          </reporter-output>
        </test-method> <!-- test -->
      </class> <!-- com.qa.tests.LoginTest -->
    </test> <!-- Command line test -->
  </suite> <!-- com.qa.tests.LoginTest -->
</testng-results>
